{"/Users/ashishraj/Documents/My-Docs/Projects & Tutorial/Namaste-React/Assignments/Ep-05/Coding/src/sum.js": {"path":"/Users/ashishraj/Documents/My-Docs/Projects & Tutorial/Namaste-React/Assignments/Ep-05/Coding/src/sum.js","statementMap":{"0":{"start":{"line":5,"column":19},"end":{"line":7,"column":1}},"1":{"start":{"line":6,"column":4},"end":{"line":6,"column":14}}},"fnMap":{"0":{"name":"(anonymous_0)","decl":{"start":{"line":5,"column":19},"end":{"line":5,"column":20}},"loc":{"start":{"line":5,"column":26},"end":{"line":7,"column":1}},"line":5}},"branchMap":{},"s":{"0":1,"1":1},"f":{"0":1},"b":{},"_coverageSchema":"1a1c01bbd47fc00a2c39e90264f33305004495a9","hash":"8c9c0906309e6b9e3301eee49f5a6c0c1cbfd178"}
}
